<?xml version="1.0" encoding="UTF-8"?>
<coverage generated="1513246074891" clover="3.2.0">
  <project timestamp="1513246074892" name="All files">
    <metrics statements="7" coveredstatements="7" conditionals="2" coveredconditionals="2" methods="2" coveredmethods="2" elements="11" coveredelements="11" complexity="0" loc="7" ncloc="7" packages="1" files="1" classes="1">
      <file name="environment.js" path="/Users/tsamaya/work/github/tsamaya/aws-lambda-whereis/src/environment.js">
        <metrics statements="7" coveredstatements="7" conditionals="2" coveredconditionals="2" methods="2" coveredmethods="2"/>
        <line num="2" count="1" type="stmt"/>
        <line num="5" count="3" type="stmt"/>
        <line num="6" count="3" type="stmt"/>
        <line num="8" count="3" type="stmt"/>
        <line num="9" count="9" type="cond" truecount="2" falsecount="0"/>
        <line num="10" count="5" type="stmt"/>
        <line num="14" count="3" type="stmt"/>
      </file>
    </metrics>
  </project>
</coverage>
