{"/Users/tsamaya/work/github/tsamaya/aws-lambda-whereis/src/environment.js": {"path":"/Users/tsamaya/work/github/tsamaya/aws-lambda-whereis/src/environment.js","statementMap":{"0":{"start":{"line":2,"column":26},"end":{"line":2,"column":75}},"1":{"start":{"line":5,"column":19},"end":{"line":5,"column":36}},"2":{"start":{"line":6,"column":18},"end":{"line":6,"column":20}},"3":{"start":{"line":8,"column":2},"end":{"line":12,"column":5}},"4":{"start":{"line":9,"column":4},"end":{"line":11,"column":5}},"5":{"start":{"line":10,"column":6},"end":{"line":10,"column":27}},"6":{"start":{"line":14,"column":2},"end":{"line":14,"column":17}}},"fnMap":{"0":{"name":"(anonymous_0)","decl":{"start":{"line":4,"column":15},"end":{"line":4,"column":16}},"loc":{"start":{"line":4,"column":24},"end":{"line":15,"column":1}},"line":4},"1":{"name":"(anonymous_1)","decl":{"start":{"line":8,"column":19},"end":{"line":8,"column":20}},"loc":{"start":{"line":8,"column":31},"end":{"line":12,"column":3}},"line":8}},"branchMap":{"0":{"loc":{"start":{"line":9,"column":4},"end":{"line":11,"column":5}},"type":"if","locations":[{"start":{"line":9,"column":4},"end":{"line":11,"column":5}},{"start":{"line":9,"column":4},"end":{"line":11,"column":5}}],"line":9}},"s":{"0":1,"1":3,"2":3,"3":3,"4":9,"5":5,"6":3},"f":{"0":3,"1":9},"b":{"0":[5,4]},"_coverageSchema":"332fd63041d2c1bcb487cc26dd0d5f7d97098a6c","hash":"aa59f037b49beb318ef2528bbc9ad07332a21612"}
}
